app/build/outputs/logs/manifest-merger-debug-report.txt
-- Merging decision tree log ---
manifest
ADDED from src\main\AndroidManifest.xml:2:1-231:12
	package
		ADDED from src\main\AndroidManifest.xml:3:11-56
		INJECTED from src\main\AndroidManifest.xml
		INJECTED from src\main\AndroidManifest.xml
	android:versionName
		INJECTED from src\main\AndroidManifest.xml
		INJECTED from src\main\AndroidManifest.xml
	xmlns:android
		ADDED from src\main\AndroidManifest.xml:2:11-69
	android:versionCode
		INJECTED from src\main\AndroidManifest.xml
		INJECTED from src\main\AndroidManifest.xml
uses-permission#android.permission.CALL_PHONE
ADDED from src\main\AndroidManifest.xml:5:5-68
	android:name
		ADDED from src\main\AndroidManifest.xml:5:22-66
uses-permission#android.permission.SEND_SMS
ADDED from src\main\AndroidManifest.xml:6:5-66
	android:name
		ADDED from src\main\AndroidManifest.xml:6:22-64
uses-permission#android.permission.INTERNET
ADDED from src\main\AndroidManifest.xml:7:5-66
MERGED from [com.google.android.gms:play-services-maps:8.4.0] AndroidManifest.xml:21:5-66
	android:name
		ADDED from src\main\AndroidManifest.xml:7:22-64
uses-permission#android.permission.CAMERA
ADDED from src\main\AndroidManifest.xml:8:5-64
	android:name
		ADDED from src\main\AndroidManifest.xml:8:22-62
uses-permission#android.permission.WRITE_EXTERNAL_STORAGE
ADDED from src\main\AndroidManifest.xml:9:5-11:37
	android:maxSdkVersion
		ADDED from src\main\AndroidManifest.xml:11:9-35
	android:name
		ADDED from src\main\AndroidManifest.xml:10:9-65
uses-permission#android.permission.RECEIVE_BOOT_COMPLETED
ADDED from src\main\AndroidManifest.xml:12:5-80
	android:name
		ADDED from src\main\AndroidManifest.xml:12:22-78
uses-permission#android.permission.WAKE_LOCK
ADDED from src\main\AndroidManifest.xml:13:5-67
	android:name
		ADDED from src\main\AndroidManifest.xml:13:22-65
uses-permission#android.permission.DISABLE_KEYGUARD
ADDED from src\main\AndroidManifest.xml:14:5-74
	android:name
		ADDED from src\main\AndroidManifest.xml:14:22-72
uses-permission#android.permission.ACCESS_FINE_LOCATION
ADDED from src\main\AndroidManifest.xml:21:5-78
	android:name
		ADDED from src\main\AndroidManifest.xml:21:22-76
application
ADDED from src\main\AndroidManifest.xml:23:5-229:19
MERGED from [com.android.support:appcompat-v7:23.1.1] AndroidManifest.xml:22:5-20
MERGED from [com.android.support:support-v4:23.1.1] AndroidManifest.xml:22:5-20
MERGED from [com.android.support:design:23.1.1] AndroidManifest.xml:22:5-20
MERGED from [com.android.support:appcompat-v7:23.1.1] AndroidManifest.xml:22:5-20
MERGED from [com.android.support:support-v4:23.1.1] AndroidManifest.xml:22:5-20
MERGED from [com.android.support:support-v4:23.1.1] AndroidManifest.xml:22:5-20
MERGED from [com.android.support:support-v4:23.1.1] AndroidManifest.xml:22:5-20
MERGED from [com.google.android.gms:play-services-maps:8.4.0] AndroidManifest.xml:27:5-20
MERGED from [com.google.android.gms:play-services-basement:8.4.0] AndroidManifest.xml:20:5-24:19
MERGED from [com.android.support:support-v4:23.1.1] AndroidManifest.xml:22:5-20
	android:label
		ADDED from src\main\AndroidManifest.xml:26:9-41
	android:supportsRtl
		ADDED from src\main\AndroidManifest.xml:27:9-35
	android:allowBackup
		ADDED from src\main\AndroidManifest.xml:24:9-35
	android:icon
		ADDED from src\main\AndroidManifest.xml:25:9-42
	android:theme
		ADDED from src\main\AndroidManifest.xml:28:9-40
activity#batch9.upcomingdevelopers.com.icare.MainActivity
ADDED from src\main\AndroidManifest.xml:29:9-36:20
	android:label
		ADDED from src\main\AndroidManifest.xml:30:13-33
	android:name
		ADDED from src\main\AndroidManifest.xml:29:19-47
intent-filter#android.intent.action.MAIN+android.intent.category.LAUNCHER
ADDED from src\main\AndroidManifest.xml:31:13-35:29
action#android.intent.action.MAIN
ADDED from src\main\AndroidManifest.xml:32:17-68
	android:name
		ADDED from src\main\AndroidManifest.xml:32:25-66
category#android.intent.category.LAUNCHER
ADDED from src\main\AndroidManifest.xml:34:17-76
	android:name
		ADDED from src\main\AndroidManifest.xml:34:27-74
activity#batch9.upcomingdevelopers.com.icare.ViewProfileActivity
ADDED from src\main\AndroidManifest.xml:37:9-44:20
	android:label
		ADDED from src\main\AndroidManifest.xml:39:13-41
	android:parentActivityName
		ADDED from src\main\AndroidManifest.xml:40:13-55
	android:name
		ADDED from src\main\AndroidManifest.xml:38:13-48
meta-data#android.support.PARENT_ACTIVITY
ADDED from src\main\AndroidManifest.xml:41:13-43:48
	android:value
		ADDED from src\main\AndroidManifest.xml:43:17-46
	android:name
		ADDED from src\main\AndroidManifest.xml:42:17-63
activity#batch9.upcomingdevelopers.com.icare.GeneralInfoActivity
ADDED from src\main\AndroidManifest.xml:45:9-52:20
	android:label
		ADDED from src\main\AndroidManifest.xml:47:13-40
	android:parentActivityName
		ADDED from src\main\AndroidManifest.xml:48:13-60
	android:name
		ADDED from src\main\AndroidManifest.xml:46:13-48
activity#batch9.upcomingdevelopers.com.icare.AddProfileActivity
ADDED from src\main\AndroidManifest.xml:53:9-60:20
	android:label
		ADDED from src\main\AndroidManifest.xml:55:13-40
	android:parentActivityName
		ADDED from src\main\AndroidManifest.xml:56:13-62
	android:name
		ADDED from src\main\AndroidManifest.xml:54:13-47
activity#batch9.upcomingdevelopers.com.icare.AddDietActivity
ADDED from src\main\AndroidManifest.xml:61:9-68:20
	android:label
		ADDED from src\main\AndroidManifest.xml:63:13-37
	android:parentActivityName
		ADDED from src\main\AndroidManifest.xml:64:13-64
	android:name
		ADDED from src\main\AndroidManifest.xml:62:13-44
activity#batch9.upcomingdevelopers.com.icare.DashboardActivity
ADDED from src\main\AndroidManifest.xml:69:9-76:20
	android:label
		ADDED from src\main\AndroidManifest.xml:71:13-38
	android:parentActivityName
		ADDED from src\main\AndroidManifest.xml:72:13-62
	android:name
		ADDED from src\main\AndroidManifest.xml:70:13-46
activity#batch9.upcomingdevelopers.com.icare.ViewDietChartActivity
ADDED from src\main\AndroidManifest.xml:77:9-84:20
	android:label
		ADDED from src\main\AndroidManifest.xml:79:13-39
	android:parentActivityName
		ADDED from src\main\AndroidManifest.xml:80:13-60
	android:name
		ADDED from src\main\AndroidManifest.xml:78:13-50
activity#batch9.upcomingdevelopers.com.icare.AddVaccinationActivity
ADDED from src\main\AndroidManifest.xml:85:9-92:20
	android:label
		ADDED from src\main\AndroidManifest.xml:87:13-44
	android:parentActivityName
		ADDED from src\main\AndroidManifest.xml:88:13-71
	android:name
		ADDED from src\main\AndroidManifest.xml:86:13-51
activity#batch9.upcomingdevelopers.com.icare.AddMedicalHistoryActivity
ADDED from src\main\AndroidManifest.xml:93:9-100:20
	android:label
		ADDED from src\main\AndroidManifest.xml:95:13-48
	android:parentActivityName
		ADDED from src\main\AndroidManifest.xml:96:13-69
	android:name
		ADDED from src\main\AndroidManifest.xml:94:13-54
activity#batch9.upcomingdevelopers.com.icare.ViewVaccinationChartActivity
ADDED from src\main\AndroidManifest.xml:101:9-108:20
	android:label
		ADDED from src\main\AndroidManifest.xml:103:13-46
	android:parentActivityName
		ADDED from src\main\AndroidManifest.xml:104:13-60
	android:name
		ADDED from src\main\AndroidManifest.xml:102:13-57
activity#batch9.upcomingdevelopers.com.icare.AddDoctorActivity
ADDED from src\main\AndroidManifest.xml:109:9-116:20
	android:label
		ADDED from src\main\AndroidManifest.xml:111:13-45
	android:parentActivityName
		ADDED from src\main\AndroidManifest.xml:112:13-67
	android:name
		ADDED from src\main\AndroidManifest.xml:110:13-46
activity#batch9.upcomingdevelopers.com.icare.ViewDoctorsChartActivity
ADDED from src\main\AndroidManifest.xml:117:9-124:20
	android:label
		ADDED from src\main\AndroidManifest.xml:119:13-46
	android:parentActivityName
		ADDED from src\main\AndroidManifest.xml:120:13-60
	android:name
		ADDED from src\main\AndroidManifest.xml:118:13-53
activity#batch9.upcomingdevelopers.com.icare.UpdateDoctorActivity
ADDED from src\main\AndroidManifest.xml:125:9-132:20
	android:label
		ADDED from src\main\AndroidManifest.xml:127:13-48
	android:parentActivityName
		ADDED from src\main\AndroidManifest.xml:128:13-67
	android:name
		ADDED from src\main\AndroidManifest.xml:126:13-49
activity#batch9.upcomingdevelopers.com.icare.UpdateProfileActivity
ADDED from src\main\AndroidManifest.xml:133:9-140:20
	android:label
		ADDED from src\main\AndroidManifest.xml:135:13-43
	android:parentActivityName
		ADDED from src\main\AndroidManifest.xml:136:13-62
	android:name
		ADDED from src\main\AndroidManifest.xml:134:13-50
activity#batch9.upcomingdevelopers.com.icare.UpdateDietActivity
ADDED from src\main\AndroidManifest.xml:141:9-148:20
	android:label
		ADDED from src\main\AndroidManifest.xml:143:13-40
	android:parentActivityName
		ADDED from src\main\AndroidManifest.xml:144:13-64
	android:name
		ADDED from src\main\AndroidManifest.xml:142:13-47
activity#batch9.upcomingdevelopers.com.icare.UpdateVaccinationActivity
ADDED from src\main\AndroidManifest.xml:149:9-156:20
	android:label
		ADDED from src\main\AndroidManifest.xml:151:13-47
	android:parentActivityName
		ADDED from src\main\AndroidManifest.xml:152:13-71
	android:name
		ADDED from src\main\AndroidManifest.xml:150:13-54
activity#batch9.upcomingdevelopers.com.icare.ViewMedicalHistoryActivity
ADDED from src\main\AndroidManifest.xml:157:9-164:20
	android:label
		ADDED from src\main\AndroidManifest.xml:159:13-44
	android:parentActivityName
		ADDED from src\main\AndroidManifest.xml:160:13-60
	android:name
		ADDED from src\main\AndroidManifest.xml:158:13-55
activity#batch9.upcomingdevelopers.com.icare.UpdateMedicalHistoryActivity
ADDED from src\main\AndroidManifest.xml:165:9-172:20
	android:label
		ADDED from src\main\AndroidManifest.xml:167:13-51
	android:parentActivityName
		ADDED from src\main\AndroidManifest.xml:168:13-69
	android:name
		ADDED from src\main\AndroidManifest.xml:166:13-57
activity#batch9.upcomingdevelopers.com.icare.ViewHealthCentersActivity
ADDED from src\main\AndroidManifest.xml:173:9-180:20
	android:label
		ADDED from src\main\AndroidManifest.xml:175:13-42
	android:parentActivityName
		ADDED from src\main\AndroidManifest.xml:176:13-60
	android:name
		ADDED from src\main\AndroidManifest.xml:174:13-54
receiver#batch9.upcomingdevelopers.com.icare.BootReceiver
ADDED from src\main\AndroidManifest.xml:182:9-188:20
	android:enabled
		ADDED from src\main\AndroidManifest.xml:184:13-35
	android:name
		ADDED from src\main\AndroidManifest.xml:183:13-41
intent-filter#android.intent.action.BOOT_COMPLETED
ADDED from src\main\AndroidManifest.xml:185:13-187:29
action#android.intent.action.BOOT_COMPLETED
ADDED from src\main\AndroidManifest.xml:186:17-78
	android:name
		ADDED from src\main\AndroidManifest.xml:186:25-76
receiver#batch9.upcomingdevelopers.com.icare.AlarmReceiver
ADDED from src\main\AndroidManifest.xml:189:9-192:38
	android:enabled
		ADDED from src\main\AndroidManifest.xml:191:13-35
	android:exported
		ADDED from src\main\AndroidManifest.xml:192:13-36
	android:name
		ADDED from src\main\AndroidManifest.xml:190:13-42
activity#batch9.upcomingdevelopers.com.icare.AlarmActivity
ADDED from src\main\AndroidManifest.xml:194:9-198:60
	android:label
		ADDED from src\main\AndroidManifest.xml:197:13-40
	android:excludeFromRecents
		ADDED from src\main\AndroidManifest.xml:196:13-46
	android:theme
		ADDED from src\main\AndroidManifest.xml:198:13-58
	android:name
		ADDED from src\main\AndroidManifest.xml:195:13-42
activity#batch9.upcomingdevelopers.com.icare.ReminderActivity
ADDED from src\main\AndroidManifest.xml:199:9-203:60
	android:label
		ADDED from src\main\AndroidManifest.xml:202:13-43
	android:excludeFromRecents
		ADDED from src\main\AndroidManifest.xml:201:13-46
	android:theme
		ADDED from src\main\AndroidManifest.xml:203:13-58
	android:name
		ADDED from src\main\AndroidManifest.xml:200:13-45
activity#batch9.upcomingdevelopers.com.icare.VaccinationReminderActivity
ADDED from src\main\AndroidManifest.xml:204:9-208:60
	android:label
		ADDED from src\main\AndroidManifest.xml:207:13-46
	android:excludeFromRecents
		ADDED from src\main\AndroidManifest.xml:206:13-46
	android:theme
		ADDED from src\main\AndroidManifest.xml:208:13-58
	android:name
		ADDED from src\main\AndroidManifest.xml:205:13-56
meta-data#com.google.android.geo.API_KEY
ADDED from src\main\AndroidManifest.xml:217:9-219:54
	android:value
		ADDED from src\main\AndroidManifest.xml:219:13-52
	android:name
		ADDED from src\main\AndroidManifest.xml:218:13-58
activity#batch9.upcomingdevelopers.com.icare.MapsActivity
ADDED from src\main\AndroidManifest.xml:221:9-228:20
	android:label
		ADDED from src\main\AndroidManifest.xml:223:13-56
	android:parentActivityName
		ADDED from src\main\AndroidManifest.xml:224:13-68
	android:name
		ADDED from src\main\AndroidManifest.xml:222:13-41
uses-sdk
INJECTED from src\main\AndroidManifest.xml reason: use-sdk injection requested
MERGED from [com.android.support:appcompat-v7:23.1.1] AndroidManifest.xml:20:5-43
MERGED from [com.android.support:support-v4:23.1.1] AndroidManifest.xml:20:5-43
MERGED from [com.android.support:design:23.1.1] AndroidManifest.xml:20:5-43
MERGED from [com.android.support:appcompat-v7:23.1.1] AndroidManifest.xml:20:5-43
MERGED from [com.android.support:support-v4:23.1.1] AndroidManifest.xml:20:5-43
MERGED from [com.android.support:recyclerview-v7:23.1.1] AndroidManifest.xml:20:5-43
MERGED from [com.android.support:support-v4:23.1.1] AndroidManifest.xml:20:5-43
MERGED from [com.android.support:support-v4:23.1.1] AndroidManifest.xml:20:5-43
MERGED from [com.google.android.gms:play-services-maps:8.4.0] AndroidManifest.xml:26:5-42
MERGED from [com.google.android.gms:play-services-base:8.4.0] AndroidManifest.xml:18:5-42
MERGED from [com.google.android.gms:play-services-basement:8.4.0] AndroidManifest.xml:18:5-42
MERGED from [com.android.support:support-v4:23.1.1] AndroidManifest.xml:20:5-43
	android:targetSdkVersion
		INJECTED from src\main\AndroidManifest.xml
		INJECTED from src\main\AndroidManifest.xml
	android:minSdkVersion
		INJECTED from src\main\AndroidManifest.xml
		INJECTED from src\main\AndroidManifest.xml
uses-permission#android.permission.ACCESS_NETWORK_STATE
ADDED from [com.google.android.gms:play-services-maps:8.4.0] AndroidManifest.xml:20:5-78
	android:name
		ADDED from [com.google.android.gms:play-services-maps:8.4.0] AndroidManifest.xml:20:22-76
uses-feature#0x00020000
ADDED from [com.google.android.gms:play-services-maps:8.4.0] AndroidManifest.xml:22:5-24:33
	android:glEsVersion
		ADDED from [com.google.android.gms:play-services-maps:8.4.0] AndroidManifest.xml:23:8-40
	android:required
		ADDED from [com.google.android.gms:play-services-maps:8.4.0] AndroidManifest.xml:24:8-31
meta-data#com.google.android.gms.version
ADDED from [com.google.android.gms:play-services-basement:8.4.0] AndroidManifest.xml:21:9-23:69
	android:value
		ADDED from [com.google.android.gms:play-services-basement:8.4.0] AndroidManifest.xml:23:13-66
	android:name
		ADDED from [com.google.android.gms:play-services-basement:8.4.0] AndroidManifest.xml:22:13-58